<?xml version="1.0" encoding="UTF-8"?>
<!-- Generated by org.testng.reporters.JUnitXMLReporter -->
<testsuite ignored="4" hostname="iMac-User" failures="0" tests="7" name="Surefire test" time="3.698" errors="0" timestamp="2021-05-14T07:45:48 MSK">
  <testcase classname="lesson6.LoginWithPageObjectTest" name="@BeforeTest goToPage" time="0.0">
    <failure type="java.lang.NullPointerException" message="Cannot invoke &amp;quot;org.openqa.selenium.WebDriver.get(String)&amp;quot; because &amp;quot;this.driver&amp;quot; is null">
      <![CDATA[java.lang.NullPointerException: Cannot invoke "org.openqa.selenium.WebDriver.get(String)" because "this.driver" is null
at lesson6.LoginWithPageObjectTest.goToPage(LoginWithPageObjectTest.java:20)
... Removed 28 stack frames]]>
    </failure>
  </testcase> <!-- @BeforeTest goToPage -->
  <testcase classname="lesson3.CRMTests" name="@BeforeTest setup" time="-1.620967548473E9">
    <skipped/>
  </testcase> <!-- @BeforeTest setup -->
  <testcase classname="lesson3.CRMTests" name="@BeforeMethod setupBrowser" time="-1.620967548513E9">
    <skipped/>
  </testcase> <!-- @BeforeMethod setupBrowser -->
  <testcase classname="lesson3.CRMTests" name="@AfterMethod closeBrowser" time="-1.620967548538E9">
    <skipped/>
  </testcase> <!-- @AfterMethod closeBrowser -->
  <testcase classname="lesson3.CRMTests" name="@BeforeMethod setupBrowser" time="-1.62096754854E9">
    <skipped/>
  </testcase> <!-- @BeforeMethod setupBrowser -->
  <testcase classname="lesson3.CRMTests" name="@AfterMethod closeBrowser" time="-1.620967548544E9">
    <skipped/>
  </testcase> <!-- @AfterMethod closeBrowser -->
  <testcase classname="lesson3.CRMTests" name="@BeforeMethod setupBrowser" time="-1.620967548545E9">
    <skipped/>
  </testcase> <!-- @BeforeMethod setupBrowser -->
  <testcase classname="lesson3.CRMTests" name="@AfterMethod closeBrowser" time="-1.620967548548E9">
    <skipped/>
  </testcase> <!-- @AfterMethod closeBrowser -->
  <testcase classname="lesson6.BaseTest" name="@AfterTest tearDown" time="-1.620967548568E9">
    <skipped/>
  </testcase> <!-- @AfterTest tearDown -->
  <testcase classname="lesson3.CRMTests" name="createBusinessTrip" time="0.0">
    <skipped/>
  </testcase> <!-- createBusinessTrip -->
  <testcase classname="lesson3.CRMTests" name="createContactPerson" time="0.0">
    <skipped/>
  </testcase> <!-- createContactPerson -->
  <testcase classname="lesson3.CRMTests" name="createOrganization" time="0.0">
    <skipped/>
  </testcase> <!-- createOrganization -->
  <testcase classname="homework4.FunctionsTest" name="testIsNumberPositive" time="0.0">
    <skipped/>
  </testcase> <!-- testIsNumberPositive -->
  <testcase classname="lesson6.LoginWithPageObjectTest" name="createNewExpenseRequest" time="0.0">
    <skipped/>
  </testcase> <!-- createNewExpenseRequest -->
  <testcase classname="lesson6.LoginWithPageObjectTest" name="loginTest" time="0.0">
    <skipped/>
  </testcase> <!-- loginTest -->
  <testcase classname="lesson6.LoginWithPageObjectTest" name="loginTestWithFluentPage" time="0.0">
    <skipped/>
  </testcase> <!-- loginTestWithFluentPage -->
  <testcase classname="lesson3.CRMTests" name="createNewProjectTest" time="0.0">
    <ignored/>
  </testcase> <!-- createNewProjectTest -->
  <testcase classname="lesson6.BaseTest" name="@AfterTest tearDown" time="0.0">
    <ignored/>
  </testcase> <!-- @AfterTest tearDown -->
  <testcase classname="lesson6.BaseTest" name="@BeforeTest setupBrowser" time="0.0">
    <ignored/>
  </testcase> <!-- @BeforeTest setupBrowser -->
  <testcase classname="lesson6.BaseTest" name="@BeforeTest beforeAll" time="0.0">
    <ignored/>
  </testcase> <!-- @BeforeTest beforeAll -->
</testsuite> <!-- Surefire test -->
